<?xml version="1.0" encoding="UTF-8"?>
<!-- Generated by org.testng.reporters.JUnitXMLReporter -->
<testsuite ignored="0" hostname="idea-PC" failures="0" tests="4" name="Default test" time="0.555" errors="0" timestamp="2022-06-13T22:06:03 IST">
  <testcase classname="serealizationDeserialization.Serialization" name="serializationOfComplexRequest" time="0.4"/>
  <testcase classname="serealizationDeserialization.Serialization" name="serializationOfComplexRequestWithObject" time="0.024"/>
  <testcase classname="serealizationDeserialization.Serialization" name="serializationOfPage" time="0.035"/>
  <testcase classname="serealizationDeserialization.Serialization" name="serializationTest" time="0.005"/>
</testsuite> <!-- Default test -->
