<?xml version="1.0" encoding="UTF-8"?>
<testng-results ignored="0" total="1" passed="1" failed="0" skipped="0">
  <reporter-output>
  </reporter-output>
  <suite started-at="2022-06-14T23:55:57 IST" name="Default suite" finished-at="2022-06-14T23:56:01 IST" duration-ms="3866">
    <groups>
    </groups>
    <test started-at="2022-06-14T23:55:57 IST" name="Default test" finished-at="2022-06-14T23:56:01 IST" duration-ms="3866">
      <class name="ValidatingDynamicResponse.ValidatingDynamicResponseTest">
        <test-method signature="validatingDynamicResponse()[pri:0, instance:ValidatingDynamicResponse.ValidatingDynamicResponseTest@3d1cfad4]" started-at="2022-06-14T23:55:57 IST" name="validatingDynamicResponse" finished-at="2022-06-14T23:56:01 IST" duration-ms="3805" status="PASS">
          <reporter-output>
          </reporter-output>
        </test-method> <!-- validatingDynamicResponse -->
      </class> <!-- ValidatingDynamicResponse.ValidatingDynamicResponseTest -->
    </test> <!-- Default test -->
  </suite> <!-- Default suite -->
</testng-results>
