<?xml version="1.0" encoding="UTF-8"?>
<testng-results ignored="0" total="1" passed="1" failed="0" skipped="0">
  <reporter-output>
  </reporter-output>
  <suite started-at="2022-06-15T22:19:50 IST" name="Default suite" finished-at="2022-06-15T22:19:56 IST" duration-ms="6103">
    <groups>
    </groups>
    <test started-at="2022-06-15T22:19:50 IST" name="Default test" finished-at="2022-06-15T22:19:56 IST" duration-ms="6103">
      <class name="Authentication.Oauth2Authentication">
        <test-method signature="oauth2Authentication()[pri:0, instance:Authentication.Oauth2Authentication@34f7cfd9]" started-at="2022-06-15T22:19:50 IST" name="oauth2Authentication" finished-at="2022-06-15T22:19:56 IST" duration-ms="6047" status="PASS">
          <reporter-output>
          </reporter-output>
        </test-method> <!-- oauth2Authentication -->
      </class> <!-- Authentication.Oauth2Authentication -->
    </test> <!-- Default test -->
  </suite> <!-- Default suite -->
</testng-results>
